<?xml version="1.0" encoding="UTF-8"?>
<!-- Generated by org.testng.reporters.JUnitReportReporter -->
<testsuite hostname="lenovo-personal" failures="0" tests="2" name="Test.day1" time="0.006" errors="0" timestamp="2024-03-23T14:59:08 IST" skipped="0">
  <testcase classname="Test.day1" name="pesonalloanmobilelogin" time="0.001"/>
  <system-out/>
  <testcase classname="Test.day1" name="personalloanweblogin" time="0.005"/>
  <system-out/>
</testsuite> <!-- Test.day1 -->
