<?xml version="1.0" encoding="UTF-8"?>
<!-- Generated by org.testng.reporters.JUnitReportReporter -->
<testsuite hostname="lenovo-personal" failures="0" tests="1" name="Test.day4" time="0.001" errors="0" timestamp="2024-03-23T18:34:04 IST" skipped="0">
  <testcase classname="Test.day4" name="webloginhomeloan" time="0.001"/>
  <system-out/>
</testsuite> <!-- Test.day4 -->
