<?xml version="1.0" encoding="UTF-8"?>
<!-- Generated by org.testng.reporters.JUnitReportReporter -->
<testsuite hostname="lenovo-personal" failures="0" tests="6" name="Test.day5" time="0.036" errors="0" timestamp="2024-03-23T17:14:30 IST" skipped="1">
  <testcase classname="Test.day5" name="apilogincarloan" time="0.001"/>
  <system-out/>
  <testcase classname="Test.day5" name="mobilelogincarloan" time="0.027"/>
  <system-out/>
  <testcase classname="Test.day5" name="apiloginbikeloan" time="0.004"/>
  <system-out/>
  <testcase classname="Test.day5" name="apiloginbikeloan" time="0.002"/>
  <system-out/>
  <testcase classname="Test.day5" name="apiloginbikeloan" time="0.002"/>
  <system-out/>
  <testcase classname="Test.day5" name="weblogincarloan">
    <skipped/>
  </testcase> <!-- weblogincarloan -->
  <system-out/>
</testsuite> <!-- Test.day5 -->
