<?xml version="1.0" encoding="UTF-8"?>
<!-- Generated by org.testng.reporters.JUnitReportReporter -->
<testsuite hostname="lenovo-personal" failures="0" tests="1" name="inheritance.child" time="0.010" errors="0" timestamp="2024-03-24T08:03:22 IST" skipped="0">
  <testcase classname="inheritance.child" name="childMethod" time="0.010"/>
  <system-out/>
</testsuite> <!-- inheritance.child -->
