<?xml version="1.0" encoding="UTF-8"?>
<!-- Generated by org.testng.reporters.JUnitReportReporter -->
<testsuite hostname="lenovo-personal" failures="0" tests="1" name="Test.day3" time="0.016" errors="0" timestamp="2024-03-23T18:34:04 IST" skipped="0">
  <testcase classname="Test.day3" name="weblogincarloan" time="0.016"/>
  <system-out/>
</testsuite> <!-- Test.day3 -->
